# JRE version: OpenJDK Runtime Environment Temurin-21.0.7+6 (21.0.7+6) (build 21.0.7+6-LTS)
# Java VM: OpenJDK 64-Bit Server VM Temurin-21.0.7+6 (21.0.7+6-LTS, mixed mode, sharing, tiered, compressed oops, compressed class ptrs, parallel gc, linux-amd64)
GC Precious Log:
 CardTable entry size: 512
 CPUs: 8 total, 8 available
 Memory: 15866M
 Large Page Support: Disabled
 NUMA Support: Disabled
 Compressed Oops: Enabled (32-bit)
 Alignments: Space 512K, Generation 512K, Heap 2M
 Heap Min Capacity: 100M
 Heap Initial Capacity: 100M
 Heap Max Capacity: 2G
 Pre-touch: Disabled
 Parallel Workers: 8
Heap:
 PSYoungGen      total 10752K, used 10166K [0x00000000d5580000, 0x00000000d6080000, 0x0000000100000000)
  eden space 9728K, 100% used [0x00000000d5580000,0x00000000d5f00000,0x00000000d5f00000)
  from space 1024K, 42% used [0x00000000d5f80000,0x00000000d5fedab0,0x00000000d6080000)
  to   space 512K, 93% used [0x00000000d5f00000,0x00000000d5f78088,0x00000000d5f80000)
 ParOldGen       total 849408K, used 849135K [0x0000000080000000, 0x00000000b3d80000, 0x00000000d5580000)
  object space 849408K, 99% used [0x0000000080000000,0x00000000b3d3fc28,0x00000000b3d80000)
 Metaspace       used 75032K, committed 76544K, reserved 1179648K
  class space    used 7798K, committed 8512K, reserved 1048576K
GC Heap History (20 events):
Event: 233.116 GC heap before
{Heap before GC invocations=930 (full 3):
 PSYoungGen      total 7680K, used 7173K [0x00000000d5580000, 0x00000000d6380000, 0x0000000100000000)
  eden space 5120K, 100% used [0x00000000d5580000,0x00000000d5a80000,0x00000000d5a80000)
  from space 2560K, 80% used [0x00000000d6100000,0x00000000d6301648,0x00000000d6380000)
  to   space 3072K, 0% used [0x00000000d5d80000,0x00000000d5d80000,0x00000000d6080000)
 ParOldGen       total 832000K, used 831847K [0x0000000080000000, 0x00000000b2c80000, 0x00000000d5580000)
  object space 832000K, 99% used [0x0000000080000000,0x00000000b2c59f10,0x00000000b2c80000)
 Metaspace       used 73003K, committed 74496K, reserved 1179648K
  class space    used 7618K, committed 8320K, reserved 1048576K
}
Event: 233.125 GC heap after
{Heap after GC invocations=930 (full 3):
 PSYoungGen      total 9216K, used 2950K [0x00000000d5580000, 0x00000000d6280000, 0x0000000100000000)
  eden space 6144K, 0% used [0x00000000d5580000,0x00000000d5580000,0x00000000d5b80000)
  from space 3072K, 96% used [0x00000000d5d80000,0x00000000d60618b0,0x00000000d6080000)
  to   space 2048K, 0% used [0x00000000d6080000,0x00000000d6080000,0x00000000d6280000)
 ParOldGen       total 833536K, used 833295K [0x0000000080000000, 0x00000000b2e00000, 0x00000000d5580000)
  object space 833536K, 99% used [0x0000000080000000,0x00000000b2dc3f10,0x00000000b2e00000)
 Metaspace       used 73003K, committed 74496K, reserved 1179648K
  class space    used 7618K, committed 8320K, reserved 1048576K
}
Event: 233.144 GC heap before
{Heap before GC invocations=931 (full 3):
 PSYoungGen      total 9216K, used 9094K [0x00000000d5580000, 0x00000000d6280000, 0x0000000100000000)
  eden space 6144K, 100% used [0x00000000d5580000,0x00000000d5b80000,0x00000000d5b80000)
  from space 3072K, 96% used [0x00000000d5d80000,0x00000000d60618b0,0x00000000d6080000)
  to   space 2048K, 0% used [0x00000000d6080000,0x00000000d6080000,0x00000000d6280000)
 ParOldGen       total 833536K, used 833295K [0x0000000080000000, 0x00000000b2e00000, 0x00000000d5580000)
  object space 833536K, 99% used [0x0000000080000000,0x00000000b2dc3f10,0x00000000b2e00000)
 Metaspace       used 73007K, committed 74496K, reserved 1179648K
  class space    used 7618K, committed 8320K, reserved 1048576K
}
Event: 233.154 GC heap after
{Heap after GC invocations=931 (full 3):
 PSYoungGen      total 6144K, used 2030K [0x00000000d5580000, 0x00000000d6b00000, 0x0000000100000000)
  eden space 4096K, 0% used [0x00000000d5580000,0x00000000d5580000,0x00000000d5980000)
  from space 2048K, 99% used [0x00000000d6080000,0x00000000d627ba50,0x00000000d6280000)
  to   space 7168K, 0% used [0x00000000d5980000,0x00000000d5980000,0x00000000d6080000)
 ParOldGen       total 837632K, used 837591K [0x0000000080000000, 0x00000000b3200000, 0x00000000d5580000)
  object space 837632K, 99% used [0x0000000080000000,0x00000000b31f5f10,0x00000000b3200000)
 Metaspace       used 73007K, committed 74496K, reserved 1179648K
  class space    used 7618K, committed 8320K, reserved 1048576K
}
Event: 233.166 GC heap before
{Heap before GC invocations=932 (full 3):
 PSYoungGen      total 6144K, used 6126K [0x00000000d5580000, 0x00000000d6b00000, 0x0000000100000000)
  eden space 4096K, 100% used [0x00000000d5580000,0x00000000d5980000,0x00000000d5980000)
  from space 2048K, 99% used [0x00000000d6080000,0x00000000d627ba50,0x00000000d6280000)
  to   space 7168K, 0% used [0x00000000d5980000,0x00000000d5980000,0x00000000d6080000)
 ParOldGen       total 837632K, used 837591K [0x0000000080000000, 0x00000000b3200000, 0x00000000d5580000)
  object space 837632K, 99% used [0x0000000080000000,0x00000000b31f5f10,0x00000000b3200000)
 Metaspace       used 73013K, committed 74560K, reserved 1179648K
  class space    used 7618K, committed 8320K, reserved 1048576K
}
Event: 233.173 GC heap after
{Heap after GC invocations=932 (full 3):
 PSYoungGen      total 6144K, used 1864K [0x00000000d5580000, 0x00000000d6180000, 0x0000000100000000)
  eden space 4096K, 0% used [0x00000000d5580000,0x00000000d5580000,0x00000000d5980000)
  from space 2048K, 91% used [0x00000000d5980000,0x00000000d5b52200,0x00000000d5b80000)
  to   space 3584K, 0% used [0x00000000d5e00000,0x00000000d5e00000,0x00000000d6180000)
 ParOldGen       total 839168K, used 838727K [0x0000000080000000, 0x00000000b3380000, 0x00000000d5580000)
  object space 839168K, 99% used [0x0000000080000000,0x00000000b3311f10,0x00000000b3380000)
 Metaspace       used 73013K, committed 74560K, reserved 1179648K
  class space    used 7618K, committed 8320K, reserved 1048576K
}
Event: 233.182 GC heap before
{Heap before GC invocations=933 (full 3):
 PSYoungGen      total 6144K, used 5960K [0x00000000d5580000, 0x00000000d6180000, 0x0000000100000000)
  eden space 4096K, 99% used [0x00000000d5580000,0x00000000d597fff8,0x00000000d5980000)
  from space 2048K, 91% used [0x00000000d5980000,0x00000000d5b52200,0x00000000d5b80000)
  to   space 3584K, 0% used [0x00000000d5e00000,0x00000000d5e00000,0x00000000d6180000)
 ParOldGen       total 839168K, used 838727K [0x0000000080000000, 0x00000000b3380000, 0x00000000d5580000)
  object space 839168K, 99% used [0x0000000080000000,0x00000000b3311f10,0x00000000b3380000)
 Metaspace       used 73013K, committed 74560K, reserved 1179648K
  class space    used 7618K, committed 8320K, reserved 1048576K
}
Event: 233.187 GC heap after
{Heap after GC invocations=933 (full 3):
 PSYoungGen      total 8192K, used 2609K [0x00000000d5580000, 0x00000000d6100000, 0x0000000100000000)
  eden space 5120K, 0% used [0x00000000d5580000,0x00000000d5580000,0x00000000d5a80000)
  from space 3072K, 84% used [0x00000000d5e00000,0x00000000d608c4c0,0x00000000d6100000)
  to   space 3072K, 0% used [0x00000000d5b00000,0x00000000d5b00000,0x00000000d5e00000)
 ParOldGen       total 840192K, used 840111K [0x0000000080000000, 0x00000000b3480000, 0x00000000d5580000)
  object space 840192K, 99% used [0x0000000080000000,0x00000000b346bf10,0x00000000b3480000)
 Metaspace       used 73013K, committed 74560K, reserved 1179648K
  class space    used 7618K, committed 8320K, reserved 1048576K
}
Event: 233.201 GC heap before
{Heap before GC invocations=934 (full 3):
 PSYoungGen      total 8192K, used 7729K [0x00000000d5580000, 0x00000000d6100000, 0x0000000100000000)
  eden space 5120K, 100% used [0x00000000d5580000,0x00000000d5a80000,0x00000000d5a80000)
  from space 3072K, 84% used [0x00000000d5e00000,0x00000000d608c4c0,0x00000000d6100000)
  to   space 3072K, 0% used [0x00000000d5b00000,0x00000000d5b00000,0x00000000d5e00000)
 ParOldGen       total 840192K, used 840111K [0x0000000080000000, 0x00000000b3480000, 0x00000000d5580000)
  object space 840192K, 99% used [0x0000000080000000,0x00000000b346bf10,0x00000000b3480000)
 Metaspace       used 73013K, committed 74560K, reserved 1179648K
  class space    used 7618K, committed 8320K, reserved 1048576K
}
Event: 233.208 GC heap after
{Heap after GC invocations=934 (full 3):
 PSYoungGen      total 8704K, used 2592K [0x00000000d5580000, 0x00000000d6180000, 0x0000000100000000)
  eden space 5632K, 0% used [0x00000000d5580000,0x00000000d5580000,0x00000000d5b00000)
  from space 3072K, 84% used [0x00000000d5b00000,0x00000000d5d88000,0x00000000d5e00000)
  to   space 3072K, 0% used [0x00000000d5e80000,0x00000000d5e80000,0x00000000d6180000)
 ParOldGen       total 842752K, used 842616K [0x0000000080000000, 0x00000000b3700000, 0x00000000d5580000)
  object space 842752K, 99% used [0x0000000080000000,0x00000000b36de3d0,0x00000000b3700000)
 Metaspace       used 73013K, committed 74560K, reserved 1179648K
  class space    used 7618K, committed 8320K, reserved 1048576K
}
Event: 233.217 GC heap before
{Heap before GC invocations=935 (full 3):
 PSYoungGen      total 8704K, used 8224K [0x00000000d5580000, 0x00000000d6180000, 0x0000000100000000)
  eden space 5632K, 100% used [0x00000000d5580000,0x00000000d5b00000,0x00000000d5b00000)
  from space 3072K, 84% used [0x00000000d5b00000,0x00000000d5d88000,0x00000000d5e00000)
  to   space 3072K, 0% used [0x00000000d5e80000,0x00000000d5e80000,0x00000000d6180000)
 ParOldGen       total 842752K, used 842616K [0x0000000080000000, 0x00000000b3700000, 0x00000000d5580000)
  object space 842752K, 99% used [0x0000000080000000,0x00000000b36de3d0,0x00000000b3700000)
 Metaspace       used 73018K, committed 74560K, reserved 1179648K
  class space    used 7618K, committed 8320K, reserved 1048576K
}
Event: 233.226 GC heap after
{Heap after GC invocations=935 (full 3):
 PSYoungGen      total 9216K, used 2793K [0x00000000d5580000, 0x00000000d6280000, 0x0000000100000000)
  eden space 6144K, 0% used [0x00000000d5580000,0x00000000d5580000,0x00000000d5b80000)
  from space 3072K, 90% used [0x00000000d5e80000,0x00000000d613a518,0x00000000d6180000)
  to   space 3072K, 0% used [0x00000000d5b80000,0x00000000d5b80000,0x00000000d5e80000)
 ParOldGen       total 845312K, used 845116K [0x0000000080000000, 0x00000000b3980000, 0x00000000d5580000)
  object space 845312K, 99% used [0x0000000080000000,0x00000000b394f3e0,0x00000000b3980000)
 Metaspace       used 73018K, committed 74560K, reserved 1179648K
  class space    used 7618K, committed 8320K, reserved 1048576K
}
Event: 233.237 GC heap before
{Heap before GC invocations=936 (full 3):
 PSYoungGen      total 9216K, used 8860K [0x00000000d5580000, 0x00000000d6280000, 0x0000000100000000)
  eden space 6144K, 98% used [0x00000000d5580000,0x00000000d5b6cc70,0x00000000d5b80000)
  from space 3072K, 90% used [0x00000000d5e80000,0x00000000d613a518,0x00000000d6180000)
  to   space 3072K, 0% used [0x00000000d5b80000,0x00000000d5b80000,0x00000000d5e80000)
 ParOldGen       total 845312K, used 845116K [0x0000000080000000, 0x00000000b3980000, 0x00000000d5580000)
  object space 845312K, 99% used [0x0000000080000000,0x00000000b394f3e0,0x00000000b3980000)
 Metaspace       used 73018K, committed 74560K, reserved 1179648K
  class space    used 7618K, committed 8320K, reserved 1048576K
}
Event: 233.248 GC heap after
{Heap after GC invocations=936 (full 3):
 PSYoungGen      total 9216K, used 1869K [0x00000000d5580000, 0x00000000d6200000, 0x0000000100000000)
  eden space 6144K, 0% used [0x00000000d5580000,0x00000000d5580000,0x00000000d5b80000)
  from space 3072K, 60% used [0x00000000d5b80000,0x00000000d5d53508,0x00000000d5e80000)
  to   space 2560K, 0% used [0x00000000d5f80000,0x00000000d5f80000,0x00000000d6200000)
 ParOldGen       total 847872K, used 847412K [0x0000000080000000, 0x00000000b3c00000, 0x00000000d5580000)
  object space 847872K, 99% used [0x0000000080000000,0x00000000b3b8d3e0,0x00000000b3c00000)
 Metaspace       used 73018K, committed 74560K, reserved 1179648K
  class space    used 7618K, committed 8320K, reserved 1048576K
}
Event: 233.265 GC heap before
{Heap before GC invocations=937 (full 3):
 PSYoungGen      total 9216K, used 8013K [0x00000000d5580000, 0x00000000d6200000, 0x0000000100000000)
  eden space 6144K, 100% used [0x00000000d5580000,0x00000000d5b80000,0x00000000d5b80000)
  from space 3072K, 60% used [0x00000000d5b80000,0x00000000d5d53508,0x00000000d5e80000)
  to   space 2560K, 0% used [0x00000000d5f80000,0x00000000d5f80000,0x00000000d6200000)
 ParOldGen       total 847872K, used 847412K [0x0000000080000000, 0x00000000b3c00000, 0x00000000d5580000)
  object space 847872K, 99% used [0x0000000080000000,0x00000000b3b8d3e0,0x00000000b3c00000)
 Metaspace       used 73056K, committed 74560K, reserved 1179648K
  class space    used 7620K, committed 8320K, reserved 1048576K
}
Event: 233.283 GC heap after
{Heap after GC invocations=937 (full 3):
 PSYoungGen      total 8704K, used 777K [0x00000000d5580000, 0x00000000d6080000, 0x0000000100000000)
  eden space 7680K, 0% used [0x00000000d5580000,0x00000000d5580000,0x00000000d5d00000)
  from space 1024K, 75% used [0x00000000d5f80000,0x00000000d6042580,0x00000000d6080000)
  to   space 1536K, 0% used [0x00000000d5d80000,0x00000000d5d80000,0x00000000d5f00000)
 ParOldGen       total 849408K, used 848940K [0x0000000080000000, 0x00000000b3d80000, 0x00000000d5580000)
  object space 849408K, 99% used [0x0000000080000000,0x00000000b3d0b3e0,0x00000000b3d80000)
 Metaspace       used 73056K, committed 74560K, reserved 1179648K
  class space    used 7620K, committed 8320K, reserved 1048576K
}
Event: 233.319 GC heap before
{Heap before GC invocations=938 (full 3):
 PSYoungGen      total 8704K, used 8457K [0x00000000d5580000, 0x00000000d6080000, 0x0000000100000000)
  eden space 7680K, 100% used [0x00000000d5580000,0x00000000d5d00000,0x00000000d5d00000)
  from space 1024K, 75% used [0x00000000d5f80000,0x00000000d6042580,0x00000000d6080000)
  to   space 1536K, 0% used [0x00000000d5d80000,0x00000000d5d80000,0x00000000d5f00000)
 ParOldGen       total 849408K, used 848940K [0x0000000080000000, 0x00000000b3d80000, 0x00000000d5580000)
  object space 849408K, 99% used [0x0000000080000000,0x00000000b3d0b3e0,0x00000000b3d80000)
 Metaspace       used 73362K, committed 74880K, reserved 1179648K
  class space    used 7638K, committed 8320K, reserved 1048576K
}
Event: 233.330 GC heap after
{Heap after GC invocations=938 (full 3):
 PSYoungGen      total 9728K, used 516K [0x00000000d5580000, 0x00000000d6080000, 0x0000000100000000)
  eden space 8192K, 0% used [0x00000000d5580000,0x00000000d5580000,0x00000000d5d80000)
  from space 1536K, 33% used [0x00000000d5d80000,0x00000000d5e01210,0x00000000d5f00000)
  to   space 1024K, 0% used [0x00000000d5f80000,0x00000000d5f80000,0x00000000d6080000)
 ParOldGen       total 849408K, used 848980K [0x0000000080000000, 0x00000000b3d80000, 0x00000000d5580000)
  object space 849408K, 99% used [0x0000000080000000,0x00000000b3d153e0,0x00000000b3d80000)
 Metaspace       used 73362K, committed 74880K, reserved 1179648K
  class space    used 7638K, committed 8320K, reserved 1048576K
}
Event: 233.417 GC heap before
{Heap before GC invocations=939 (full 3):
 PSYoungGen      total 9728K, used 8699K [0x00000000d5580000, 0x00000000d6080000, 0x0000000100000000)
  eden space 8192K, 99% used [0x00000000d5580000,0x00000000d5d7dda0,0x00000000d5d80000)
  from space 1536K, 33% used [0x00000000d5d80000,0x00000000d5e01210,0x00000000d5f00000)
  to   space 1024K, 0% used [0x00000000d5f80000,0x00000000d5f80000,0x00000000d6080000)
 ParOldGen       total 849408K, used 848980K [0x0000000080000000, 0x00000000b3d80000, 0x00000000d5580000)
  object space 849408K, 99% used [0x0000000080000000,0x00000000b3d153e0,0x00000000b3d80000)
 Metaspace       used 74336K, committed 75840K, reserved 1179648K
  class space    used 7736K, committed 8448K, reserved 1048576K
}
Event: 233.430 GC heap after
{Heap after GC invocations=939 (full 3):
 PSYoungGen      total 10752K, used 438K [0x00000000d5580000, 0x00000000d6080000, 0x0000000100000000)
  eden space 9728K, 0% used [0x00000000d5580000,0x00000000d5580000,0x00000000d5f00000)
  from space 1024K, 42% used [0x00000000d5f80000,0x00000000d5fedab0,0x00000000d6080000)
  to   space 512K, 0% used [0x00000000d5f00000,0x00000000d5f00000,0x00000000d5f80000)
 ParOldGen       total 849408K, used 849012K [0x0000000080000000, 0x00000000b3d80000, 0x00000000d5580000)
  object space 849408K, 99% used [0x0000000080000000,0x00000000b3d1d3e0,0x00000000b3d80000)
 Metaspace       used 74336K, committed 75840K, reserved 1179648K
  class space    used 7736K, committed 8448K, reserved 1048576K
}

